2025-12-08 23:07:10,646 INFO Set uid to user 0 succeeded
2025-12-08 23:07:10,648 INFO supervisord started with pid 36
2025-12-08 23:07:11,649 INFO spawned: 'novnc' with pid 37
2025-12-08 23:07:11,650 INFO spawned: 'vnc' with pid 38
2025-12-08 23:07:13,948 INFO success: novnc entered RUNNING state, process has stayed up for > than 2 seconds (startsecs)
2025-12-08 23:07:13,948 INFO success: vnc entered RUNNING state, process has stayed up for > than 2 seconds (startsecs)
2025-12-08 23:14:16,472 WARN received SIGTERM indicating exit request
2025-12-08 23:14:16,472 INFO waiting for novnc, vnc to die
2025-12-08 23:21:54,684 INFO Set uid to user 0 succeeded
2025-12-08 23:21:54,686 INFO supervisord started with pid 36
2025-12-08 23:21:55,687 INFO spawned: 'novnc' with pid 37
2025-12-08 23:21:55,689 INFO spawned: 'vnc' with pid 38
2025-12-08 23:21:57,966 INFO success: novnc entered RUNNING state, process has stayed up for > than 2 seconds (startsecs)
2025-12-08 23:21:57,967 INFO success: vnc entered RUNNING state, process has stayed up for > than 2 seconds (startsecs)
2025-12-08 23:26:51,894 WARN received SIGTERM indicating exit request
2025-12-08 23:26:51,894 INFO waiting for novnc, vnc to die
2025-12-08 23:26:52,896 WARN stopped: vnc (terminated by SIGTERM)
2025-12-08 23:26:52,922 INFO stopped: novnc (exit status 0)
2025-12-08 23:29:15,657 INFO Set uid to user 0 succeeded
2025-12-08 23:29:15,659 INFO supervisord started with pid 36
2025-12-08 23:29:16,661 INFO spawned: 'novnc' with pid 37
2025-12-08 23:29:16,662 INFO spawned: 'vnc' with pid 38
2025-12-08 23:29:18,949 INFO success: novnc entered RUNNING state, process has stayed up for > than 2 seconds (startsecs)
2025-12-08 23:29:18,949 INFO success: vnc entered RUNNING state, process has stayed up for > than 2 seconds (startsecs)
2025-12-08 23:30:48,952 WARN received SIGTERM indicating exit request
2025-12-08 23:30:48,960 INFO waiting for novnc, vnc to die
2025-12-08 23:30:49,961 WARN stopped: vnc (terminated by SIGTERM)
2025-12-08 23:30:49,985 INFO stopped: novnc (exit status 0)
2025-12-08 23:33:12,721 INFO Set uid to user 0 succeeded
2025-12-08 23:33:12,723 INFO supervisord started with pid 36
2025-12-08 23:33:13,727 INFO spawned: 'novnc' with pid 37
2025-12-08 23:33:13,733 INFO spawned: 'vnc' with pid 38
2025-12-08 23:33:16,023 INFO success: novnc entered RUNNING state, process has stayed up for > than 2 seconds (startsecs)
2025-12-08 23:33:16,023 INFO success: vnc entered RUNNING state, process has stayed up for > than 2 seconds (startsecs)
2025-12-09 00:15:21,474 WARN exited: vnc (terminated by SIGBUS (core dumped); not expected)
2025-12-09 00:15:22,477 INFO spawnerr: unknown error making dispatchers for 'vnc': EIO
2025-12-09 00:15:23,478 INFO spawnerr: unknown error making dispatchers for 'vnc': EIO
2025-12-09 00:15:25,480 INFO spawnerr: unknown error making dispatchers for 'vnc': EIO
2025-12-09 00:15:28,483 INFO spawnerr: unknown error making dispatchers for 'vnc': EIO
2025-12-09 00:15:28,484 INFO gave up: vnc entered FATAL state, too many start retries too quickly
2025-12-11 11:56:09,374 INFO Set uid to user 0 succeeded
2025-12-11 11:56:09,377 INFO supervisord started with pid 36
2025-12-11 11:56:10,379 INFO spawned: 'novnc' with pid 37
2025-12-11 11:56:10,380 INFO spawned: 'vnc' with pid 38
2025-12-11 11:56:12,679 INFO success: novnc entered RUNNING state, process has stayed up for > than 2 seconds (startsecs)
2025-12-11 11:56:12,680 INFO success: vnc entered RUNNING state, process has stayed up for > than 2 seconds (startsecs)
2025-12-12 06:53:42,991 INFO Set uid to user 0 succeeded
2025-12-12 06:53:42,994 INFO supervisord started with pid 35
2025-12-12 06:53:43,995 INFO spawned: 'novnc' with pid 93
2025-12-12 06:53:43,997 INFO spawned: 'vnc' with pid 94
2025-12-12 06:53:46,347 INFO success: novnc entered RUNNING state, process has stayed up for > than 2 seconds (startsecs)
2025-12-12 06:53:46,347 INFO success: vnc entered RUNNING state, process has stayed up for > than 2 seconds (startsecs)
2025-12-12 06:56:18,881 WARN received SIGTERM indicating exit request
2025-12-12 06:56:18,881 INFO waiting for novnc, vnc to die
2025-12-12 06:56:19,883 WARN stopped: vnc (terminated by SIGTERM)
2025-12-12 06:56:19,905 INFO stopped: novnc (exit status 0)
2025-12-12 06:56:50,124 INFO Set uid to user 0 succeeded
2025-12-12 06:56:50,124 INFO supervisord started with pid 36
2025-12-12 06:56:51,126 INFO spawned: 'novnc' with pid 37
2025-12-12 06:56:51,127 INFO spawned: 'vnc' with pid 38
2025-12-12 06:56:53,307 INFO success: novnc entered RUNNING state, process has stayed up for > than 2 seconds (startsecs)
2025-12-12 06:56:53,307 INFO success: vnc entered RUNNING state, process has stayed up for > than 2 seconds (startsecs)
2025-12-12 07:06:07,645 WARN received SIGTERM indicating exit request
2025-12-12 07:06:07,647 INFO waiting for novnc, vnc to die
2025-12-12 07:06:08,649 WARN stopped: vnc (terminated by SIGTERM)
2025-12-12 07:06:08,683 INFO stopped: novnc (exit status 0)
2025-12-12 07:11:03,623 INFO Set uid to user 0 succeeded
2025-12-12 07:11:03,625 INFO supervisord started with pid 36
2025-12-12 07:11:04,627 INFO spawned: 'novnc' with pid 37
2025-12-12 07:11:04,628 INFO spawned: 'vnc' with pid 38
2025-12-12 07:11:06,991 INFO success: novnc entered RUNNING state, process has stayed up for > than 2 seconds (startsecs)
2025-12-12 07:11:06,991 INFO success: vnc entered RUNNING state, process has stayed up for > than 2 seconds (startsecs)
2025-12-12 07:51:10,287 WARN received SIGTERM indicating exit request
2025-12-12 07:51:10,288 INFO waiting for novnc, vnc to die
2025-12-12 07:51:11,291 WARN stopped: vnc (terminated by SIGTERM)
2025-12-12 07:51:11,369 INFO stopped: novnc (exit status 0)
2025-12-12 07:55:29,416 INFO Set uid to user 0 succeeded
2025-12-12 07:55:29,418 INFO supervisord started with pid 36
2025-12-12 07:55:30,420 INFO spawned: 'novnc' with pid 37
2025-12-12 07:55:30,421 INFO spawned: 'vnc' with pid 38
2025-12-12 07:55:32,699 INFO success: novnc entered RUNNING state, process has stayed up for > than 2 seconds (startsecs)
2025-12-12 07:55:32,700 INFO success: vnc entered RUNNING state, process has stayed up for > than 2 seconds (startsecs)
